Processing 1 1
start evaluating ./eval_results/VLM/Bongard-OpenWorld_ma_ver3_more_text_num5_iter0.5_infinite_base/seed2/task1_evaltask1_Bongard-OpenWorld.json
Processing 2 1
start evaluating ./eval_results/VLM/Bongard-OpenWorld_ma_ver3_more_text_num5_iter0.5_infinite_base/seed2/task2_evaltask1_Bongard-OpenWorld.json
Processing 2 2
start evaluating ./eval_results/VLM/Bongard-OpenWorld_ma_ver3_more_text_num5_iter0.5_infinite_base/seed2/task2_evaltask2_Bongard-OpenWorld.json
could not convert string to float: '\\]'
error The user provided two "positive" images and two "negative" images. The "common" sentence from the "positive" images is "Pet hamster." However, the assistant's response of "A pug dog ornament" does not accurately capture the common concept present in the "positive" images. The assistant's answer is not relevant or accurate compared to the ground truth provided by the user. The assistant's response does not align with the common theme of "Pet hamster" derived from the positive images, indicating a misunderstanding or misinterpretation of the images by the assistant.

\[ Score: 2 \]
could not convert string to float: '\\]'
error The user provided two "positive" images and two "negative" images. The "common" sentence from the "positive" images is "Insect sucking nectar flowers." This sentence captures the shared concept of insects interacting with flowers in a positive manner, which aligns with the theme of the images provided. The assistant's response is relevant and accurate as it correctly identifies the common theme present in the "positive" images.

\[ Score: 9 \]
Processing 3 1
start evaluating ./eval_results/VLM/Bongard-OpenWorld_ma_ver3_more_text_num5_iter0.5_infinite_base/seed2/task3_evaltask1_Bongard-OpenWorld.json
Processing 3 2
start evaluating ./eval_results/VLM/Bongard-OpenWorld_ma_ver3_more_text_num5_iter0.5_infinite_base/seed2/task3_evaltask2_Bongard-OpenWorld.json
Processing 3 3
start evaluating ./eval_results/VLM/Bongard-OpenWorld_ma_ver3_more_text_num5_iter0.5_infinite_base/seed2/task3_evaltask3_Bongard-OpenWorld.json
could not convert string to float: '\\]'
error The user provided two "positive" images and two "negative" images. The "common" sentence from the "positive" images is "Spiral shaped electric drill bits." This sentence captures the shared concept of spiral shapes and tools related to drilling, which aligns with the theme of the "positive" images. The assistant's response is relevant and accurate as it correctly identifies the common theme present in the "positive" images, demonstrating an understanding of the content and context provided by the user.

\[ Score: 9 \]
could not convert string to float: '\\]'
error The user provided two "positive" images and two "negative" images. The "common" sentence from the "positive" images is "A man wearing a bamboo hat." This sentence captures the common concept of bamboo being present in both positive images, specifically in the form of a hat worn by a man. The assistant's response is relevant and accurate as it correctly identifies the common element in the positive images, which aligns with the ground truth of "Bamboo baskets."

\[ Score: 9 \]
Processing 4 1
start evaluating ./eval_results/VLM/Bongard-OpenWorld_ma_ver3_more_text_num5_iter0.5_infinite_base/seed2/task4_evaltask1_Bongard-OpenWorld.json
Processing 4 2
start evaluating ./eval_results/VLM/Bongard-OpenWorld_ma_ver3_more_text_num5_iter0.5_infinite_base/seed2/task4_evaltask2_Bongard-OpenWorld.json
Processing 4 3
start evaluating ./eval_results/VLM/Bongard-OpenWorld_ma_ver3_more_text_num5_iter0.5_infinite_base/seed2/task4_evaltask3_Bongard-OpenWorld.json
Processing 4 4
start evaluating ./eval_results/VLM/Bongard-OpenWorld_ma_ver3_more_text_num5_iter0.5_infinite_base/seed2/task4_evaltask4_Bongard-OpenWorld.json
Processing 5 1
start evaluating ./eval_results/VLM/Bongard-OpenWorld_ma_ver3_more_text_num5_iter0.5_infinite_base/seed2/task5_evaltask1_Bongard-OpenWorld.json
could not convert string to float: '\\]'
error The user provided two "positive" images and the assistant generated the common sentence "A man with a suitcase." This response is not accurate as it does not capture the essence of the common elements present in the positive images, which are the sun setting at the top of mountains. The assistant's answer does not align with the ground-truth description provided by the user. Therefore, the assistant's response lacks relevance and accuracy in this context.

\[ Score: 2 \]
could not convert string to float: '\\]'
error The assistant's response is relevant and accurate compared to the ground truth. Both mention an elderly person using a cell phone, with the assistant describing it as a senior man holding a smart phone. The concepts of an elderly person and a cell phone are captured correctly in both the ground truth and the assistant's response, indicating a high level of relevance and accuracy.

\[ Score: 9 \]
Processing 5 2
start evaluating ./eval_results/VLM/Bongard-OpenWorld_ma_ver3_more_text_num5_iter0.5_infinite_base/seed2/task5_evaltask2_Bongard-OpenWorld.json
could not convert string to float: '\\]'
error The assistant's response is relevant and accurate compared to the ground truth. Both the ground truth and the assistant's response involve nature-related elements, specifically focusing on flowers and their parts. The ground truth mentions a close-up view of sprouting stamen, which is a specific part of a flower, while the assistant's response describes a bee gathering nectar from a flower, which is also a nature-related activity involving flowers. The common concept between the two is the focus on flowers and their interactions with other elements in nature, showcasing a clear connection between the two descriptions.

\[ Score: 9 \]
could not convert string to float: '\\]'
error The user provided two "positive" images and the assistant generated the sentence "A bunch of yellow daffodils" as the common description for these images. However, the ground-truth description is "Close-up view of sprouting stamen," which is quite different from the assistant's generated sentence. The assistant's response did not accurately capture the common concept present in the positive images, as it focused on the specific type of flower (daffodils) rather than the shared visual element (sprouting stamen). Therefore, the relevance and accuracy of the assistant's response are low in this case.

\[ Score: 3 \]
could not convert string to float: '\\]'
error The assistant's response is relevant and accurate in providing a common sentence that describes the set of concepts common to the "positive" images, which is "A bunch of yellow daffodils." This sentence effectively captures the essence of the positive images, indicating a collection of yellow daffodils. The assistant correctly identifies the key elements present in the images and conveys them concisely. The response aligns well with the ground truth, which describes a close-up view of sprouting stamen, as both focus on the floral aspect of the images.

\[ Score: 9 \]
Processing 5 3
start evaluating ./eval_results/VLM/Bongard-OpenWorld_ma_ver3_more_text_num5_iter0.5_infinite_base/seed2/task5_evaltask3_Bongard-OpenWorld.json
could not convert string to float: '\\]'
error The assistant's response is not relevant to the given ground-truth. The ground-truth mentions "Sharpened head screws," which is related to screws, while the assistant's response talks about "A pile of rusty metal bolts," which is about bolts. The concepts are different, and the assistant did not capture the essence of the common sentence from the positive images. Therefore, the assistant's response lacks accuracy and relevance to the ground-truth.

\[ Score: 2 \]
could not convert string to float: '\\]'
error The user provided two "positive" images and the assistant generated the common sentence "A bowl of yellow daffodils." This sentence does not accurately capture the common concept present in the "positive" images, which is "Bamboo baskets." The assistant's response is not relevant or accurate compared to the ground-truth. The assistant's answer is completely off-track and does not align with the actual content of the images provided by the user.

\[ Score: 1 \]
Processing 5 4
start evaluating ./eval_results/VLM/Bongard-OpenWorld_ma_ver3_more_text_num5_iter0.5_infinite_base/seed2/task5_evaltask4_Bongard-OpenWorld.json
Processing 5 5
start evaluating ./eval_results/VLM/Bongard-OpenWorld_ma_ver3_more_text_num5_iter0.5_infinite_base/seed2/task5_evaltask5_Bongard-OpenWorld.json
All datasets processed.

======== GPU REPORT ========

==============NVSMI LOG==============

Timestamp                                 : Fri Feb 21 22:53:59 2025
Driver Version                            : 560.35.03
CUDA Version                              : 12.6

Attached GPUs                             : 1
GPU 00000000:C1:00.0
    Accounting Mode                       : Enabled
    Accounting Mode Buffer Size           : 4000
    Accounted Processes                   : None

Fri Feb 21 22:53:59 2025       
+-----------------------------------------------------------------------------------------+
| NVIDIA-SMI 560.35.03              Driver Version: 560.35.03      CUDA Version: 12.6     |
|-----------------------------------------+------------------------+----------------------+
| GPU  Name                 Persistence-M | Bus-Id          Disp.A | Volatile Uncorr. ECC |
| Fan  Temp   Perf          Pwr:Usage/Cap |           Memory-Usage | GPU-Util  Compute M. |
|                                         |                        |               MIG M. |
|=========================================+========================+======================|
|   0  NVIDIA A100-SXM4-40GB          On  |   00000000:C1:00.0 Off |                    0 |
| N/A   24C    P0             54W /  400W |       1MiB /  40960MiB |      0%      Default |
|                                         |                        |             Disabled |
+-----------------------------------------+------------------------+----------------------+
                                                                                         
+-----------------------------------------------------------------------------------------+
| Processes:                                                                              |
|  GPU   GI   CI        PID   Type   Process name                              GPU Memory |
|        ID   ID                                                               Usage      |
|=========================================================================================|
|  No running processes found                                                             |
+-----------------------------------------------------------------------------------------+
