[INFO] TrainingArguments(
_n_gpu=1,
accelerator_config={'split_batches': False, 'dispatch_batches': None, 'even_batches': True, 'use_seedable_sampler': True, 'gradient_accumulation_kwargs': None},
adafactor=False,
adam_beta1=0.9,
adam_beta2=0.999,
adam_epsilon=1e-08,
auto_find_batch_size=False,
bf16=True,
bf16_full_eval=False,
bits=16,
cache_dir=None,
data_seed=None,
dataloader_drop_last=False,
dataloader_num_workers=2,
dataloader_persistent_workers=False,
dataloader_pin_memory=True,
dataloader_prefetch_factor=None,
ddp_backend=None,
ddp_broadcast_buffers=None,
ddp_bucket_cap_mb=None,
ddp_find_unused_parameters=None,
ddp_timeout=1800,
debug=[],
decay_ratio=1.0,
deepspeed=None,
disable_tqdm=False,
dispatch_batches=None,
do_eval=False,
do_predict=False,
do_train=False,
double_quant=True,
eval_accumulation_steps=None,
eval_delay=0,
eval_do_concat_batches=True,
eval_period=100,
eval_point=100_200_300,
eval_server=True,
eval_steps=None,
eval_temp=0.2,
evaluation_strategy=no,
f_period=None,
final_lr=1e-06,
fp16=False,
fp16_backend=auto,
fp16_full_eval=False,
fp16_opt_level=O1,
freeze_mm_mlp_adapter=False,
fsdp=[],
fsdp_config={'min_num_params': 0, 'xla': False, 'xla_fsdp_v2': False, 'xla_fsdp_grad_ckpt': False},
fsdp_min_num_params=0,
fsdp_transformer_layer_cls_to_wrap=None,
full_determinism=False,
future_steps=4,
gradient_accumulation_steps=1,
gradient_checkpointing=True,
gradient_checkpointing_kwargs=None,
greater_is_better=None,
group_by_length=False,
group_by_modality_length=True,
half_precision_backend=auto,
hub_always_push=False,
hub_model_id=None,
hub_private_repo=False,
hub_strategy=every_save,
hub_token=<HUB_TOKEN>,
ignore_data_skip=False,
include_inputs_for_metrics=False,
include_num_input_tokens_seen=False,
include_tokens_per_second=False,
is_eval=False,
is_wsd=None,
iter_per_round=1,
jit_mode_eval=False,
label_names=None,
label_smoothing_factor=0.0,
learning_rate=5e-05,
length_column_name=length,
load_best_model_at_end=False,
local_rank=0,
log_level=passive,
log_level_replica=warning,
log_on_each_node=True,
logging_dir=./results/test/runs/Feb20_06-15-08_cn-l007.server.mila.quebec,
logging_first_step=False,
logging_nan_inf_filter=True,
logging_steps=2,
logging_strategy=steps,
lora_alpha=256,
lora_bias=none,
lora_dropout=0.05,
lora_enable=True,
lora_r=128,
lora_weight_path=,
lr_scheduler_kwargs={},
lr_scheduler_type=constant,
max_grad_norm=1.0,
max_steps=-1,
memory_size=500,
metric_for_best_model=None,
mm_final_lr=1e-06,
mm_projector_lr=5e-05,
mode=VLM,
model_max_length=10000,
mp_parameters=,
mpt_attn_impl=triton,
neftune_noise_alpha=None,
no_cuda=False,
note=Bongard-OpenWorld_ma_ver3_more_text_num5_iter0.5_infinite_base,
num_clients=5,
num_iter=100,
num_rounds=20,
num_train_epochs=1.0,
online_iter=1.0,
optim=adamw_torch,
optim_args=None,
optim_target_modules=None,
output_dir=./results/test/,
overwrite_output_dir=False,
past_index=-1,
per_device_eval_batch_size=8,
per_device_train_batch_size=8,
prediction_loss_only=False,
prompt_num=100,
push_to_hub=False,
push_to_hub_model_id=None,
push_to_hub_organization=None,
push_to_hub_token=<PUSH_TO_HUB_TOKEN>,
quant_type=nf4,
ray_scope=last,
remove_unused_columns=False,
report_to=['tensorboard'],
resume_from_checkpoint=None,
round_to_eval=None,
run_name=./results/test/,
save_on_each_node=False,
save_only_model=False,
save_safetensors=True,
save_steps=500,
save_strategy=no,
save_total_limit=None,
scenario=1,
seed=3,
skip_memory_metrics=True,
split_batches=None,
state_dir=./checkpoints,
temp_batchsize=2,
tf32=True,
topk=1,
torch_compile=False,
torch_compile_backend=None,
torch_compile_mode=None,
torchdynamo=None,
tpu_metrics_debug=False,
tpu_num_cores=None,
transform_on_gpu=True,
transform_on_worker=False,
transforms=randaug,
use_cpu=False,
use_ipex=False,
use_kornia=True,
use_legacy_prediction_loop=False,
use_mps_device=False,
warmup_ratio=0.03,
warmup_steps=0,
weight_decay=0.0,
)
[INFO] Set the device (cuda:0)
[INFO] load ./checkpoints_Bongard-OpenWorld_ma_ver3_more_text_num5_iter0.5_infinite_base/seed3/Bongard-OpenWorld_ma_ver3_more_text_num5_iter0.5_infinite_base_task1.pth

gt Bridesmaid group. answer A group of people having fun in the ocean.

gt Bridesmaid group. answer A bride and her bridesmaids.

gt Bridesmaid group. answer A bride and her bridesmaids.

gt Bridesmaid group. answer A bride and her bridesmaids.

gt Bridesmaid group. answer A bride and her bridal party.

gt Bridesmaid group. answer A bride and her bridal party.

gt Bridesmaid group. answer A group of people holding flowers.

gt Bridesmaid group. answer A bride and groom.

gt Bridesmaid group. answer A group of people with flowers.

gt Bridesmaid group. answer A bride and her bridesmaids.

gt Bridesmaid group. answer A bride and her bridesmaids.

gt Bridesmaid group. answer A bride and her bridesmaids.

gt Bridesmaid group. answer A bride-to-be is assisted by her bridesmaids.

gt Bridesmaid group. answer A bride-to-be wearing a veil.

gt Bridesmaid group. answer A bride and her bridal party.

gt Bridesmaid group. answer A group of people having fun in the ocean.

gt Bridesmaid group. answer A group of people having fun in the ocean.

gt Bridesmaid group. answer A group of people having fun on the beach.

gt Bridesmaid group. answer A group of people having fun in the ocean.

gt Bridesmaid group. answer A group of people having fun in the ocean.

gt Bridesmaid group. answer A group of people having fun in the ocean.

gt Bridesmaid group. answer A group of people having fun in the ocean.

gt Bridesmaid group. answer A group of people having fun in the ocean.

gt Bridesmaid group. answer A bride-to-be in a garden.

gt Bridesmaid group. answer A group of people having fun in the ocean.

gt Bridesmaid group. answer A group of people having fun in the woods.

gt Bridesmaid group. answer A group of people wearing pearls.

gt Bridesmaid group. answer A group of people with flowers in their hair.

gt Bridesmaid group. answer A bride and her bridal party.

gt Bridesmaid group. answer A bride-to-be poses for a picture.

gt Bridesmaid group. answer A group of people holding flowers.

gt Bridesmaid group. answer A bride-to-be wearing a ve

gt Bridesmaid group. answer A bride-to-be is gently led down the aisle.

gt Bridesmaid group. answer A group of people, including bridesmaids and groomsmen, are holding up their glasses

gt Bridesmaid group. answer A bride wearing a veil.

gt Military carriers. answer Military vehicles driving on the snow.

gt Military carriers. answer A military vehicle on the road.

gt Military carriers. answer Military vehicles on the road.

gt Military carriers. answer A military vehicle on the road.

gt Military carriers. answer Military vehicles on the move.

gt Military carriers. answer Military vehicles on the dirt road.

gt Military carriers. answer A group of military vehicles on the dirt road.

gt Military carriers. answer Military vehicles on the dirt road.

gt Military carriers. answer A military convoy on the dirt road.

gt Military carriers. answer Military vehicles on the dirt.

gt Military carriers. answer Military vehicles on the dirt road.

gt Military carriers. answer Military vehicles on the road.

gt Military carriers. answer Military vehicles on the road.

gt Military carriers. answer A military vehicle on the road.

gt Military carriers. answer Military helicopters flying above the water.

gt Military carriers. answer A military vehicle on the snow.

gt Military carriers. answer A military vehicle on the snow.

gt Military carriers. answer A military vehicle on the road.

gt Military carriers. answer A military vehicle on the snow.

gt Military carriers. answer Military vehicles on the snow.

gt Military carriers. answer Military vehicles on the snow.

gt Military carriers. answer A military helicopter flying above the snow.

gt Military carriers. answer A military tank on the snow.

gt Military carriers. answer A military vehicle on the snow.

gt Military carriers. answer A helicopter flying above the water.

gt Military carriers. answer Military vehicles on the dirt road.

gt Military carriers. answer Military vehicles on the dirt road.

gt Military carriers. answer Military vehicles on the dirt road.

gt Military carriers. answer A military vehicle on the road.

gt Military carriers. answer A military tank on the road.

gt Military carriers. answer Military vehicles on the road.

gt Military carriers. answer A military helicopter flying above the city.

gt Military carriers. answer A military helicopter flying above the city.

gt Military carriers. answer Military personnel on the ground.

gt Military carriers. answer Military helicopters flying above the water.

gt Ball bats. answer A baseball on the field.

gt Ball bats. answer A baseball player on the field.

gt Ball bats. answer A baseball on the field.

gt Ball bats. answer A baseball on the field.

gt Ball bats. answer A baseball on the field.

gt Ball bats. answer A baseball player on the field.

gt Ball bats. answer A baseball player on the field.

gt Ball bats. answer A baseball player on the field.

gt Ball bats. answer A baseball on the field.

gt Ball bats. answer A baseball player on the field.

gt Ball bats. answer A baseball player on the field.

gt Ball bats. answer A baseball player on the field.

gt Ball bats. answer A baseball player on the field.

gt Ball bats. answer A baseball player on the field.

gt Ball bats. answer A baseball player on the field.

gt Ball bats. answer A baseball on the field.

gt Ball bats. answer A baseball on the field.

gt Ball bats. answer A baseball on the field.

gt Ball bats. answer A baseball on the field.

gt Ball bats. answer A baseball player on the field.

gt Ball bats. answer A baseball player on the field.

gt Ball bats. answer A baseball player on the field.

gt Ball bats. answer A baseball player on the field.

gt Ball bats. answer A baseball player on the field.

gt Ball bats. answer A baseball player on the field.

gt Ball bats. answer A baseball player on the field.

gt Ball bats. answer A baseball player on the field.

gt Ball bats. answer A baseball player on the field.

gt Ball bats. answer A baseball player on the field.

gt Ball bats. answer A baseball player on the field.

gt Ball bats. answer A baseball player on the field.

gt Ball bats. answer A baseball player on the field.

gt Ball bats. answer A baseball player on the field.

gt Ball bats. answer A baseball player on the field.

gt Ball bats. answer A baseball player on the field.

gt A walking reindeer. answer A flock of wild ducks.

gt A walking reindeer. answer A flock of wild ducks.

gt A walking reindeer. answer A flock of wild ducks.

gt A walking reindeer. answer A flock of wild ducks.

gt A walking reindeer. answer A flock of wild ducks.

gt A walking reindeer. answer A flock of wild ducks.

gt A walking reindeer. answer A flock of wild ducks.

gt A walking reindeer. answer A flock of wild ducks.

gt A walking reindeer. answer A flock of wild ducks.

gt A walking reindeer. answer A flock of wild ducks.

gt A walking reindeer. answer A flock of wild ducks.

gt A walking reindeer. answer A flock of wild ducks.

gt A walking reindeer. answer A flock of wild ducks.

gt A walking reindeer. answer A flock of wild ducks.

gt A walking reindeer. answer A flock of wild ducks.

gt A walking reindeer. answer A flock of wild ducks.

gt A walking reindeer. answer A flock of wild ducks.

gt A walking reindeer. answer A flock of wild ducks.

gt A walking reindeer. answer A flock of wild ducks.

gt A walking reindeer. answer A flock of wild ducks.

gt A walking reindeer. answer A flock of wild ducks.

gt A walking reindeer. answer A flock of wild ducks.

gt A walking reindeer. answer A flock of wild ducks.

gt A walking reindeer. answer A flock of wild ducks.

gt A walking reindeer. answer A flock of wild ducks.

gt A walking reindeer. answer A flock of wild ducks.

gt A walking reindeer. answer A flock of wild ducks.

gt A walking reindeer. answer A flock of wild ducks.

gt A walking reindeer. answer A flock of wild ducks.

gt A walking reindeer. answer A flock of wild ducks.

gt A walking reindeer. answer A flock of wild ducks.

gt A walking reindeer. answer A flock of wild ducks.

gt A walking reindeer. answer A flock of wild ducks.

gt A walking reindeer. answer A flock of wild ducks.

gt A walking reindeer. answer A flock of wild ducks.

gt A ladybug on a green leaf. answer Insect sucking nectar flowers.

gt A ladybug on a green leaf. answer Insect sucking nectar flowers.

gt A ladybug on a green leaf. answer Insect sucking nectar flowers.

gt A ladybug on a green leaf. answer Insect sucking nectar flowers.

gt A ladybug on a green leaf. answer Insect sucking nectar flowers.

gt A ladybug on a green leaf. answer Insect sucking nectar flowers.

gt A ladybug on a green leaf. answer Insect sucking nectar flowers.

gt A ladybug on a green leaf. answer Insect sucking nectar flowers.

gt A ladybug on a green leaf. answer Insect sucking nectar flowers.

gt A ladybug on a green leaf. answer Insect sucking nectar flowers.

gt A ladybug on a green leaf. answer Insect sucking nectar flowers.

gt A ladybug on a green leaf. answer Insect sucking nectar flowers.

gt A ladybug on a green leaf. answer Insect sucking nectar flowers.

gt A ladybug on a green leaf. answer Insect sucking nectar flowers.

gt A ladybug on a green leaf. answer Insect sucking nectar flowers.

gt A ladybug on a green leaf. answer Insect sucking nectar flowers.

gt A ladybug on a green leaf. answer Insect sucking nectar flowers.

gt A ladybug on a green leaf. answer Insect sucking nectar flowers.

gt A ladybug on a green leaf. answer Insect sucking nectar flowers.

gt A ladybug on a green leaf. answer Insect sucking nectar flowers.

gt A ladybug on a green leaf. answer Insect sucking nectar flowers.

gt A ladybug on a green leaf. answer Insect sucking nectar flowers.

gt A ladybug on a green leaf. answer Insect sucking nectar flowers.

gt A ladybug on a green leaf. answer Insect sucking nectar flowers.

gt A ladybug on a green leaf. answer Insect sucking nectar flowers.

gt A ladybug on a green leaf. answer Insect sucking nectar flowers.

gt A ladybug on a green leaf. answer Insect sucking nectar flowers.

gt A ladybug on a green leaf. answer Insect sucking nectar flowers.

gt A ladybug on a green leaf. answer Insect sucking nectar flowers.

gt A ladybug on a green leaf. answer Insect sucking nectar flowers.

gt A ladybug on a green leaf. answer Insect sucking nectar flowers.

gt A ladybug on a green leaf. answer Insect sucking nectar flowers.

gt A ladybug on a green leaf. answer Insect sucking nectar flowers.

gt A ladybug on a green leaf. answer Insect sucking nectar flowers.

gt A ladybug on a green leaf. answer Insect sucking nectar flowers.

gt A pond surrounded by trees. answer A flock of wild ducks.

gt A pond surrounded by trees. answer A flock of wild ducks.

gt A pond surrounded by trees. answer A flock of wild ducks.

gt A pond surrounded by trees. answer A lighthouse on the coast.

gt A pond surrounded by trees. answer A flock of wild ducks.

gt A pond surrounded by trees. answer A flock of wild ducks.

gt A pond surrounded by trees. answer A flock of wild ducks.

gt A pond surrounded by trees. answer A flock of wild ducks.

gt A pond surrounded by trees. answer A flock of wild ducks.

gt A pond surrounded by trees. answer A flock of wild ducks.

gt A pond surrounded by trees. answer A flock of wild ducks.

gt A pond surrounded by trees. answer A flock of wild ducks.

gt A pond surrounded by trees. answer A flock of wild ducks.

gt A pond surrounded by trees. answer A fountain in the middle of a lake.

gt A pond surrounded by trees. answer A flock of wild ducks.

gt A pond surrounded by trees. answer A flock of wild ducks.

gt A pond surrounded by trees. answer A flock of wild ducks.

gt A pond surrounded by trees. answer A flock of wild ducks.

gt A pond surrounded by trees. answer A flock of wild ducks.

gt A pond surrounded by trees. answer A flock of wild ducks.

gt A pond surrounded by trees. answer A flock of wild ducks.

gt A pond surrounded by trees. answer A flock of wild ducks.

gt A pond surrounded by trees. answer A fountain in the middle of a lake.

gt A pond surrounded by trees. answer A fountain in the middle of a lake.

gt A pond surrounded by trees. answer A lake in the middle of mountains.

gt A pond surrounded by trees. answer A flock of wild ducks.

gt A pond surrounded by trees. answer A flock of wild ducks.

gt A pond surrounded by trees. answer A flock of wild ducks.

gt A pond surrounded by trees. answer A fountain in the middle of a lake.

gt A pond surrounded by trees. answer A fountain in the middle of a lake.

gt A pond surrounded by trees. answer A fountain in the middle of a forest.

gt A pond surrounded by trees. answer A flock of wild ducks.

gt A pond surrounded by trees. answer A flock of wild ducks.

gt A pond surrounded by trees. answer A flock of wild ducks.

gt A pond surrounded by trees. answer A fountain in the middle of a lake.

gt The sun setting at the top of mountains. answer The sun sets on the mountains.

gt The sun setting at the top of mountains. answer The sun sets over the mountains.

gt The sun setting at the top of mountains. answer The sun sets behind the mountains.

gt The sun setting at the top of mountains. answer The sun sets behind the mountains.

gt The sun setting at the top of mountains. answer The sun sets behind mountains.

gt The sun setting at the top of mountains. answer A person is standing on the top of a mountain

gt The sun setting at the top of mountains. answer A person is standing on the top of a mountain.

gt The sun setting at the top of mountains. answer The sun sets on the mountains.

gt The sun setting at the top of mountains. answer A person is standing on the top of a mountain.

gt The sun setting at the top of mountains. answer People watching the sunset over the mountains.

gt The sun setting at the top of mountains. answer The sun sets over the mountains.

gt The sun setting at the top of mountains. answer The sun sets over the mountains.

gt The sun setting at the top of mountains. answer A flock of wild ducks.

gt The sun setting at the top of mountains. answer A flock of wild ducks.

gt The sun setting at the top of mountains. answer The sun sets over the mountains.

gt The sun setting at the top of mountains. answer A person is standing on the top of a mountain.

gt The sun setting at the top of mountains. answer A person is standing on the top of a mountain.

gt The sun setting at the top of mountains. answer The sun sets over the mountains.

gt The sun setting at the top of mountains. answer A person is standing on top of a mountain.

gt The sun setting at the top of mountains. answer The sun sets over the mountains.

gt The sun setting at the top of mountains. answer The sun sets behind the mountains.

gt The sun setting at the top of mountains. answer The sun sets behind mountains.

gt The sun setting at the top of mountains. answer A flock of wild ducks.

gt The sun setting at the top of mountains. answer A flock of wild ducks.

gt The sun setting at the top of mountains. answer The sun sets over the mountains.

gt The sun setting at the top of mountains. answer People having fun on the top of a mountain.

gt The sun setting at the top of mountains. answer People standing on the top of a mountain.

gt The sun setting at the top of mountains. answer People having a picnic on the top of a mountain.

gt The sun setting at the top of mountains. answer A flock of wild ducks.

gt The sun setting at the top of mountains. answer A flock of wild ducks.

gt The sun setting at the top of mountains. answer A person is standing on the top of a mountain.

gt The sun setting at the top of mountains. answer A flock of wild ducks.

gt The sun setting at the top of mountains. answer A flock of wild ducks.

gt The sun setting at the top of mountains. answer The sun sets over the mountains.

gt The sun setting at the top of mountains. answer A flock of wild ducks.

gt A town surrounded by mountains. answer A town nestled in the mountains.

gt A town surrounded by mountains. answer A town nestled in the mountains.

gt A town surrounded by mountains. answer A mountain village at the foot of mountains.

gt A town surrounded by mountains. answer A mountain village at the foot of the mountain.

gt A town surrounded by mountains. answer A town nestled in the mountains.

gt A town surrounded by mountains. answer A mountain village nestled among the trees.

gt A town surrounded by mountains. answer A mountain village nestled among the hills.

gt A town surrounded by mountains. answer A town in the mountains.

gt A town surrounded by mountains. answer A mountain village nestled among the hills.

gt A town surrounded by mountains. answer A city nestled in the mountains.

gt A town surrounded by mountains. answer A town nestled in the mountains.

gt A town surrounded by mountains. answer A town in the mountains.

gt A town surrounded by mountains. answer A town nestled in the mountains.

gt A town surrounded by mountains. answer A town nestled in the mountains.

gt A town surrounded by mountains. answer A lake in the middle of mountains.

gt A town surrounded by mountains. answer A mountain village at the foot of the mountain.

gt A town surrounded by mountains. answer A mountain village nestled among the hills.

gt A town surrounded by mountains. answer A mountain village at the foot of the mountains.

gt A town surrounded by mountains. answer A mountain village nestled among the clouds.

gt A town surrounded by mountains. answer A mountain village nestled among the hills.

gt A town surrounded by mountains. answer A mountain village nestled in the hills.

gt A town surrounded by mountains. answer A town nestled in the mountains.

gt A town surrounded by mountains. answer A village by the lake shores.

gt A town surrounded by mountains. answer A mountain village at the foot of the mountains.

gt A town surrounded by mountains. answer A mountain village at the foot of the mountains.

gt A town surrounded by mountains. answer A lake in the middle of mountains.

gt A town surrounded by mountains. answer A lake in the middle of mountains.

gt A town surrounded by mountains. answer A city located in the mountains.

gt A town surrounded by mountains. answer A lake in the middle of mountains.

gt A town surrounded by mountains. answer A lake in the middle of mountains.

gt A town surrounded by mountains. answer A mountain village at the foot of the mountains.

gt A town surrounded by mountains. answer A lake in the middle of mountains.

gt A town surrounded by mountains. answer A lake in the middle of mountains.

gt A town surrounded by mountains. answer A town nestled in the mountains.

gt A town surrounded by mountains. answer A lake in the middle of mountains.

======== GPU REPORT ========

==============NVSMI LOG==============

Timestamp                                 : Thu Feb 20 06:17:46 2025
Driver Version                            : 560.35.03
CUDA Version                              : 12.6

Attached GPUs                             : 1
GPU 00000000:CA:00.0
    Accounting Mode                       : Enabled
    Accounting Mode Buffer Size           : 4000
    Accounted Processes
        Process ID                        : 3722618
            GPU Utilization               : 84 %
            Memory Utilization            : 60 %
            Max memory usage              : 22740 MiB
            Time                          : 160082 ms
            Is Running                    : 0

Thu Feb 20 06:17:46 2025       
+-----------------------------------------------------------------------------------------+
| NVIDIA-SMI 560.35.03              Driver Version: 560.35.03      CUDA Version: 12.6     |
|-----------------------------------------+------------------------+----------------------+
| GPU  Name                 Persistence-M | Bus-Id          Disp.A | Volatile Uncorr. ECC |
| Fan  Temp   Perf          Pwr:Usage/Cap |           Memory-Usage | GPU-Util  Compute M. |
|                                         |                        |               MIG M. |
|=========================================+========================+======================|
|   0  NVIDIA L40S                    On  |   00000000:CA:00.0 Off |                    0 |
| N/A   52C    P0            108W /  300W |       1MiB /  46068MiB |      0%      Default |
|                                         |                        |                  N/A |
+-----------------------------------------+------------------------+----------------------+
                                                                                         
+-----------------------------------------------------------------------------------------+
| Processes:                                                                              |
|  GPU   GI   CI        PID   Type   Process name                              GPU Memory |
|        ID   ID                                                               Usage      |
|=========================================================================================|
|  No running processes found                                                             |
+-----------------------------------------------------------------------------------------+
