Processing 1 1
start evaluating ./eval_results/VLM/Bongard-OpenWorld_ma_ver3_more_text_num5_iter0.5_infinite_ours/seed2/task1_evaltask1_Bongard-OpenWorld.json
Skip already evaluated 291
Processing 2 1
start evaluating ./eval_results/VLM/Bongard-OpenWorld_ma_ver3_more_text_num5_iter0.5_infinite_ours/seed2/task2_evaltask1_Bongard-OpenWorld.json
Processing 2 2
start evaluating ./eval_results/VLM/Bongard-OpenWorld_ma_ver3_more_text_num5_iter0.5_infinite_ours/seed2/task2_evaltask2_Bongard-OpenWorld.json
could not convert string to float: '\\]'
error The user provided two "positive" images and two "negative" images. The "common" sentence from the "positive" images should describe a set of concepts that are common to both images. The ground truth states "A walking reindeer," which implies an image of a reindeer walking. The assistant's response, "A dog on the snow," is not accurate as it deviates from the concept of a walking reindeer. The assistant's answer is not relevant to the ground truth and lacks accuracy in capturing the essence of the provided images. Therefore, the assistant's response is incorrect in this context.

\[ Score: 2 \]
Processing 3 1
start evaluating ./eval_results/VLM/Bongard-OpenWorld_ma_ver3_more_text_num5_iter0.5_infinite_ours/seed2/task3_evaltask1_Bongard-OpenWorld.json
Processing 3 2
start evaluating ./eval_results/VLM/Bongard-OpenWorld_ma_ver3_more_text_num5_iter0.5_infinite_ours/seed2/task3_evaltask2_Bongard-OpenWorld.json
could not convert string to float: '\\]'
error The user provided two "positive" images and two "negative" images. The "common" sentence from the "positive" images should describe a set of concepts that are common to both images. The assistant's response, "A bunch of red mulberries," does not accurately capture the common concept present in the "positive" images, which is a close-up view of sprouting stamen. The assistant's response is not relevant or accurate compared to the ground-truth description provided by the user. Therefore, the assistant's response is incorrect in this context.

\[ Score: 2 \]
Processing 3 3
start evaluating ./eval_results/VLM/Bongard-OpenWorld_ma_ver3_more_text_num5_iter0.5_infinite_ours/seed2/task3_evaltask3_Bongard-OpenWorld.json
could not convert string to float: '\\]'
error The assistant's response is not relevant to the ground-truth provided by the user. The ground-truth mentions "Sharpened head screws," which is related to hardware or construction, while the assistant's response of "Spiral shaped electric drill bits" introduces a different concept related to tools. The assistant did not accurately capture the common sentence from the positive images provided by the user. Therefore, the assistant's response is not accurate in this context.

\[ Score: 2 \]
could not convert string to float: '\\]'
error The user provided two "positive" images and two "negative" images, asking for a common sentence from the "positive" images. The ground-truth common sentence is "U shaped logo." However, the assistant provided "A cup of coffee" as the common sentence from the "positive" images, which does not match the ground-truth. The assistant's response is not relevant or accurate in capturing the common concept from the positive images, as it diverges significantly from the ground-truth.

\[ Score: 2 \]
could not convert string to float: '\\]'
error The assistant's response is relevant and accurate in capturing the essence of the positive images provided by the user. The user's input of "Positive: <image><image>" indicates two positive images, and the assistant correctly identifies the common theme as "A bunch of purple daffodils." This response aligns well with the ground-truth description of "A bunch of flowers with yellow stamens," as daffodils are a type of flower and the color purple is similar to yellow. The assistant's answer demonstrates an understanding of the common elements in the positive images, showcasing a good level of comprehension and inference.

\[ Score: 9 \]
Processing 4 1
start evaluating ./eval_results/VLM/Bongard-OpenWorld_ma_ver3_more_text_num5_iter0.5_infinite_ours/seed2/task4_evaltask1_Bongard-OpenWorld.json
Processing 4 2
start evaluating ./eval_results/VLM/Bongard-OpenWorld_ma_ver3_more_text_num5_iter0.5_infinite_ours/seed2/task4_evaltask2_Bongard-OpenWorld.json
Processing 4 3
start evaluating ./eval_results/VLM/Bongard-OpenWorld_ma_ver3_more_text_num5_iter0.5_infinite_ours/seed2/task4_evaltask3_Bongard-OpenWorld.json
could not convert string to float: '\\]'
error The assistant's response "Diamond ring" is not relevant or accurate compared to the ground truth "Interlocking necklaces." The assistant failed to provide the common sentence from the positive images, which is "Interlocking necklaces." Therefore, the assistant's response does not align with the concepts present in the positive images, resulting in a significant discrepancy between the assistant's answer and the ground truth.

\[ Score: 2 \]
could not convert string to float: '\\]'
error The user provided two "positive" images and two "negative" images. The "common" sentence from the "positive" images is "Interlocking necklaces." However, the assistant's response of "Diamond ring" does not accurately capture the common concept present in the "positive" images. While both items are related to jewelry, the assistant's response does not match the specific concept of "Interlocking necklaces" as described in the ground truth. Therefore, the assistant's answer is not entirely relevant or accurate compared to the ground truth.

\[ Score: 4 \]
could not convert string to float: '\\]'
error The user provided two "positive" images and two "negative" images. The "common" sentence from the "positive" images is "Bent trunks in a forest." The assistant's response, "An old tree trunk," is related to the concept of tree trunks but lacks the specific detail of being bent and in a forest. While the assistant's response is somewhat relevant to the ground truth, it does not fully capture the essence of the common sentence derived from the positive images. Therefore, the assistant's answer is somewhat inaccurate and lacks the specificity required to match the ground truth.

\[ Score: 4 \]
Processing 4 4
start evaluating ./eval_results/VLM/Bongard-OpenWorld_ma_ver3_more_text_num5_iter0.5_infinite_ours/seed2/task4_evaltask4_Bongard-OpenWorld.json
Processing 5 1
start evaluating ./eval_results/VLM/Bongard-OpenWorld_ma_ver3_more_text_num5_iter0.5_infinite_ours/seed2/task5_evaltask1_Bongard-OpenWorld.json
Processing 5 2
start evaluating ./eval_results/VLM/Bongard-OpenWorld_ma_ver3_more_text_num5_iter0.5_infinite_ours/seed2/task5_evaltask2_Bongard-OpenWorld.json
could not convert string to float: '\\]'
error The user provided two "positive" images and two "negative" images. The "common" sentence from the "positive" images is "A deer standing in the snow." This sentence captures the shared concept of a deer in a wintry setting, which is common to both positive images. The assistant's response, "A deer standing in the snow," is relevant and accurate compared to the ground truth, "A walking reindeer," as both descriptions convey the image of a deer in a snowy environment. The assistant's answer aligns well with the common elements present in the positive images, demonstrating a good understanding of the shared concept.

\[ Score: 9 \]
could not convert string to float: '\\]'
error The user provided two "positive" images and two "negative" images. The "common" sentence from the "positive" images is "A plant with serrated leaves." This sentence captures the shared concept of plant features, specifically focusing on leaves with serrated edges. The assistant's response is relevant and accurate as it correctly identifies the common characteristic of the positive images, which is the plant's serrated leaves. This aligns well with the ground-truth description of "Close-up view of sprouting stamen," as both descriptions pertain to botanical elements of a plant, showcasing an understanding of plant anatomy and characteristics.

\[ Score: 9 \]
Processing 5 3
start evaluating ./eval_results/VLM/Bongard-OpenWorld_ma_ver3_more_text_num5_iter0.5_infinite_ours/seed2/task5_evaltask3_Bongard-OpenWorld.json
could not convert string to float: '\\]'
error The user provided two "positive" images and two "negative" images. The "positive" images can be summarized by the concept of "Bamboo baskets," which is the ground-truth common sentence. However, the assistant incorrectly provided "A pile of fish" as the common sentence from the "positive" images. This answer is not relevant or accurate compared to the ground-truth. The assistant's response does not align with the actual content of the images provided by the user, resulting in a significant deviation from the expected answer.

\[ Score: 2 \]
Processing 5 4
start evaluating ./eval_results/VLM/Bongard-OpenWorld_ma_ver3_more_text_num5_iter0.5_infinite_ours/seed2/task5_evaltask4_Bongard-OpenWorld.json
Processing 5 5
start evaluating ./eval_results/VLM/Bongard-OpenWorld_ma_ver3_more_text_num5_iter0.5_infinite_ours/seed2/task5_evaltask5_Bongard-OpenWorld.json
All datasets processed.

======== GPU REPORT ========

==============NVSMI LOG==============

Timestamp                                 : Fri Feb 21 22:43:58 2025
Driver Version                            : 560.35.03
CUDA Version                              : 12.6

Attached GPUs                             : 1
GPU 00000000:B1:00.0
    Accounting Mode                       : Enabled
    Accounting Mode Buffer Size           : 4000
    Accounted Processes                   : None

Fri Feb 21 22:43:58 2025       
+-----------------------------------------------------------------------------------------+
| NVIDIA-SMI 560.35.03              Driver Version: 560.35.03      CUDA Version: 12.6     |
|-----------------------------------------+------------------------+----------------------+
| GPU  Name                 Persistence-M | Bus-Id          Disp.A | Volatile Uncorr. ECC |
| Fan  Temp   Perf          Pwr:Usage/Cap |           Memory-Usage | GPU-Util  Compute M. |
|                                         |                        |               MIG M. |
|=========================================+========================+======================|
|   0  Quadro RTX 8000                On  |   00000000:B1:00.0 Off |                    0 |
| 33%   24C    P8             33W /  260W |       1MiB /  46080MiB |      0%      Default |
|                                         |                        |                  N/A |
+-----------------------------------------+------------------------+----------------------+
                                                                                         
+-----------------------------------------------------------------------------------------+
| Processes:                                                                              |
|  GPU   GI   CI        PID   Type   Process name                              GPU Memory |
|        ID   ID                                                               Usage      |
|=========================================================================================|
|  No running processes found                                                             |
+-----------------------------------------------------------------------------------------+
